"PLAN_TABLE_OUTPUT"
"Plan hash value: 2688610195"
" "
"---------------------------------------------------------------------------"
"| Id  | Operation         | Name  | Rows  | Bytes | Cost (%CPU)| Time     |"
"---------------------------------------------------------------------------"
"|   0 | SELECT STATEMENT  |       |  1946 |   127K|   681   (1)| 00:00:01 |"
"|*  1 |  TABLE ACCESS FULL| BOOKS |  1946 |   127K|   681   (1)| 00:00:01 |"
"---------------------------------------------------------------------------"
" "
"Predicate Information (identified by operation id):"
"---------------------------------------------------"
" "
"   1 - filter(""GENRE""='Fantasy')"
