"PLAN_TABLE_OUTPUT"
"Plan hash value: 632082889"
" "
"--------------------------------------------------------------------------------------------------------"
"| Id  | Operation                           | Name             | Rows  | Bytes | Cost (%CPU)| Time     |"
"--------------------------------------------------------------------------------------------------------"
"|   0 | SELECT STATEMENT                    |                  |  1946 |   127K|   299   (0)| 00:00:01 |"
"|   1 |  TABLE ACCESS BY INDEX ROWID BATCHED| BOOKS            |  1946 |   127K|   299   (0)| 00:00:01 |"
"|   2 |   BITMAP CONVERSION TO ROWIDS       |                  |       |       |            |          |"
"|*  3 |    BITMAP INDEX SINGLE VALUE        | IDX_GENRE_BITMAP |       |       |            |          |"
"--------------------------------------------------------------------------------------------------------"
" "
"Predicate Information (identified by operation id):"
"---------------------------------------------------"
" "
"   3 - access(""GENRE""='Fantasy')"
