"PLAN_TABLE_OUTPUT"
"Plan hash value: 3747940421"
" "
"-------------------------------------------------------------------------------------------------------"
"| Id  | Operation                           | Name            | Rows  | Bytes | Cost (%CPU)| Time     |"
"-------------------------------------------------------------------------------------------------------"
"|   0 | SELECT STATEMENT                    |                 |  1946 |   127K|   398   (0)| 00:00:01 |"
"|   1 |  TABLE ACCESS BY INDEX ROWID BATCHED| BOOKS           |  1946 |   127K|   398   (0)| 00:00:01 |"
"|*  2 |   INDEX RANGE SCAN                  | IDX_GENRE_BTREE |  1946 |       |     8   (0)| 00:00:01 |"
"-------------------------------------------------------------------------------------------------------"
" "
"Predicate Information (identified by operation id):"
"---------------------------------------------------"
" "
"   2 - access(""GENRE""='Fantasy')"
